<?xml version="1.0" encoding="UTF-8"?>
<!-- Generated by org.testng.reporters.JUnitReportReporter -->
<testsuite hostname="Compumatrice-25" name="com.com.carelink360Package1.OutLookAct" tests="1" failures="0" timestamp="21 Nov 2014 06:06:51 GMT" time="70.182" errors="0">
  <testcase name="f" time="70.182" classname="com.com.carelink360Package1.OutLookAct"/>
</testsuite> <!-- com.com.carelink360Package1.OutLookAct -->
