<?xml version="1.0" encoding="UTF-8"?>
<!-- Generated by org.testng.reporters.JUnitReportReporter -->
<testsuite hostname="Compumatrice-25" name="com.carelink360Package1.SignUp" tests="1" failures="0" timestamp="5 Dec 2014 05:21:59 GMT" time="152.997" errors="0">
  <testcase name="signuptest" time="152.997" classname="com.carelink360Package1.SignUp"/>
</testsuite> <!-- com.carelink360Package1.SignUp -->
