<?xml version="1.0" encoding="UTF-8"?>
<!-- Generated by org.testng.reporters.JUnitReportReporter -->
<testsuite hostname="Compumatrice-25" name="com.carelink360Package1.OutlookAct" tests="1" failures="0" timestamp="21 Nov 2014 07:59:56 GMT" time="87.692" errors="0">
  <testcase name="f" time="87.692" classname="com.carelink360Package1.OutlookAct"/>
</testsuite> <!-- com.carelink360Package1.OutlookAct -->
