<?xml version="1.0" encoding="UTF-8"?>
<!-- Generated by org.testng.reporters.JUnitReportReporter -->
<testsuite hostname="Compumatrice-25" name="com.carelink360Package1.AddNewRecipient" tests="1" failures="0" timestamp="3 Dec 2014 05:56:21 GMT" time="66.930" errors="0">
  <testcase name="AddRecipient" time="66.930" classname="com.carelink360Package1.AddNewRecipient"/>
</testsuite> <!-- com.carelink360Package1.AddNewRecipient -->
