<?xml version="1.0" encoding="UTF-8"?>
<!-- Generated by org.testng.reporters.JUnitReportReporter -->
<testsuite hostname="Compumatrice-25" name="com.carelink360Package1.Login" tests="1" failures="0" timestamp="2 Dec 2014 12:35:02 GMT" time="31.495" errors="0">
  <testcase name="f" time="31.495" classname="com.carelink360Package1.Login"/>
</testsuite> <!-- com.carelink360Package1.Login -->
